<?xml version="1.0" encoding="UTF-8"?>
<!-- Generated by org.testng.reporters.JUnitXMLReporter -->
<testsuite ignored="0" hostname="DESKTOP-KF32L3Q" failures="0" tests="16" name="Default test" time="120.346" errors="0" timestamp="29 Aug 2019 11:09:06 GMT">
  <testcase classname="Programs.Navigation" name="Nav" time="6.41"/>
  <testcase classname="Programs.Navigation" name="Nav" time="6.387"/>
  <testcase classname="Programs.Navigation" name="Nav" time="6.365"/>
  <testcase classname="Programs.Navigation" name="Nav" time="6.361"/>
  <testcase classname="Programs.Navigation" name="Nav" time="6.384"/>
  <testcase classname="Programs.Navigation" name="Nav" time="6.366"/>
  <testcase classname="Programs.Navigation" name="Nav" time="6.423"/>
  <testcase classname="Programs.Navigation" name="Nav" time="6.339"/>
  <testcase classname="Programs.Navigation" name="Nav" time="6.358"/>
  <testcase classname="Programs.Navigation" name="Nav" time="6.362"/>
  <testcase classname="Programs.Navigation" name="Nav" time="6.521"/>
  <testcase classname="Programs.Navigation" name="Nav" time="6.464"/>
  <testcase classname="Programs.Navigation" name="Nav" time="6.395"/>
  <testcase classname="Programs.Navigation" name="Nav" time="6.389"/>
  <testcase classname="Programs.Navigation" name="Nav" time="6.359"/>
  <testcase classname="Programs.Navigation" name="Nav" time="6.367"/>
</testsuite> <!-- Default test -->
